<?xml version="1.0" encoding="UTF-8"?>
<testng-results total="1" passed="1" failed="0" skipped="0">
  <reporter-output>
  </reporter-output>
  <suite started-at="2021-05-31T08:50:53Z" name="Suite" finished-at="2021-05-31T08:51:07Z" duration-ms="14028">
    <groups>
    </groups>
    <test started-at="2021-05-31T08:50:53Z" name="Test" finished-at="2021-05-31T08:51:07Z" duration-ms="14028">
      <class name="com.rameshsoft.businessscripts.SampleTest">
        <test-method signature="testOne()[pri:0, instance:com.rameshsoft.businessscripts.SampleTest@379614be]" started-at="2021-05-31T01:50:53Z" name="testOne" finished-at="2021-05-31T01:51:07Z" duration-ms="13987" status="PASS">
          <reporter-output>
          </reporter-output>
        </test-method> <!-- testOne -->
      </class> <!-- com.rameshsoft.businessscripts.SampleTest -->
    </test> <!-- Test -->
  </suite> <!-- Suite -->
</testng-results>
