<?xml version="1.0" encoding="UTF-8"?>
<testng-results total="1" passed="1" failed="0" skipped="0">
  <reporter-output>
  </reporter-output>
  <suite started-at="2021-05-31T07:59:27Z" name="Suite" finished-at="2021-05-31T07:59:59Z" duration-ms="31438">
    <groups>
    </groups>
    <test started-at="2021-05-31T07:59:27Z" name="Test" finished-at="2021-05-31T07:59:59Z" duration-ms="31438">
      <class name="com.rameshsoft.businessscripts.SampleTest">
        <test-method signature="testOne()[pri:0, instance:com.rameshsoft.businessscripts.SampleTest@30c8681]" started-at="2021-05-31T00:59:27Z" name="testOne" finished-at="2021-05-31T00:59:59Z" duration-ms="31403" status="PASS">
          <reporter-output>
          </reporter-output>
        </test-method> <!-- testOne -->
      </class> <!-- com.rameshsoft.businessscripts.SampleTest -->
    </test> <!-- Test -->
  </suite> <!-- Suite -->
</testng-results>
